<?xml version="1.0" encoding="UTF-8"?>
<!-- Generated by org.testng.reporters.JUnitXMLReporter -->
<testsuite ignored="2" hostname="DESKTOP-AV67S5S" failures="0" tests="5" name="Test2" time="40.225" errors="0" timestamp="2023-10-09T12:45:55 IST">
  <testcase classname="package_practice_TestNG.Practice1Test" name="createTest" time="0.0">
    <skipped/>
  </testcase> <!-- createTest -->
  <testcase classname="package_practice_TestNG.Practice1Test" name="deleteTest" time="0.0">
    <skipped/>
  </testcase> <!-- deleteTest -->
  <testcase classname="package_practice_TestNG.Practice1Test" name="modifiyTest" time="0.001">
    <skipped/>
  </testcase> <!-- modifiyTest -->
  <testcase classname="package_practice_TestNG.Practice2Test" name="deleteTest" time="0.0">
    <skipped/>
  </testcase> <!-- deleteTest -->
  <testcase classname="package_practice_TestNG.Practice2Test" name="modifiyTest" time="0.0">
    <skipped/>
  </testcase> <!-- modifiyTest -->
  <testcase classname="com.crm.genericUtility.BaseClass" name="@BeforeSuite connectDB" time="0.0">
    <ignored/>
  </testcase> <!-- @BeforeSuite connectDB -->
  <testcase classname="com.crm.genericUtility.BaseClass" name="@AfterSuite CloseDbconnection" time="0.0">
    <ignored/>
  </testcase> <!-- @AfterSuite CloseDbconnection -->
</testsuite> <!-- Test2 -->
