<?xml version="1.0" encoding="UTF-8"?>
<!-- Generated by org.testng.reporters.JUnitXMLReporter -->
<testsuite ignored="2" hostname="DESKTOP-ALD0Q5L" failures="2" tests="2" name="Test" time="10.941" errors="0" timestamp="2023-08-10T13:26:04 IST">
  <testcase classname="Package_TestngScripts.CampaignTestNG" name="campaignTest" time="3.788">
    <failure type="java.lang.AssertionError" message="null">
      <![CDATA[java.lang.AssertionError: null
at Package_TestngScripts.CampaignTestNG.campaignTest(CampaignTestNG.java:22)
at java.base/java.util.ArrayList.forEach(ArrayList.java:1511)
at java.base/java.util.concurrent.FutureTask.run(FutureTask.java:264)
at java.base/java.util.concurrent.ThreadPoolExecutor.runWorker(ThreadPoolExecutor.java:1136)
at java.base/java.util.concurrent.ThreadPoolExecutor$Worker.run(ThreadPoolExecutor.java:635)
at java.base/java.lang.Thread.run(Thread.java:833)
... Removed 19 stack frames]]>
    </failure>
  </testcase> <!-- campaignTest -->
  <testcase classname="Package_TestngScripts.CampaignTestNG" name="campaignTest" time="7.23">
    <failure type="java.lang.IllegalArgumentException" message="Cannot format given Object as a Date">
      <![CDATA[java.lang.IllegalArgumentException: Cannot format given Object as a Date
at java.base/java.text.DateFormat.format(DateFormat.java:342)
at java.base/java.text.Format.format(Format.java:159)
at com.crm.genericUtility.JavaUtility.getSystemDateInFormat(JavaUtility.java:36)
at com.crm.genericUtility.ListenerImpClass.onTestFailure(ListenerImpClass.java:42)
at java.base/java.util.ArrayList.forEach(ArrayList.java:1511)
at java.base/java.util.concurrent.FutureTask.run(FutureTask.java:264)
at java.base/java.util.concurrent.ThreadPoolExecutor.runWorker(ThreadPoolExecutor.java:1136)
at java.base/java.util.concurrent.ThreadPoolExecutor$Worker.run(ThreadPoolExecutor.java:635)
at java.base/java.lang.Thread.run(Thread.java:833)
... Removed 14 stack frames]]>
    </failure>
  </testcase> <!-- campaignTest -->
  <testcase classname="com.crm.genericUtility.BaseClass" name="@AfterSuite CloseDbconnection" time="0.0">
    <ignored/>
  </testcase> <!-- @AfterSuite CloseDbconnection -->
  <testcase classname="com.crm.genericUtility.BaseClass" name="@BeforeSuite connectDB" time="0.0">
    <ignored/>
  </testcase> <!-- @BeforeSuite connectDB -->
</testsuite> <!-- Test -->
