<?xml version="1.0" encoding="UTF-8"?>
<!-- Generated by org.testng.reporters.JUnitXMLReporter -->
<testsuite ignored="2" hostname="DESKTOP-AV67S5S" failures="0" tests="2" name="Test1" time="12.419" errors="0" timestamp="2023-10-09T14:08:44 IST">
  <testcase classname="Package_TestngScripts.CampaignTestNG" name="campaignTest" time="0.001">
    <skipped/>
  </testcase> <!-- campaignTest -->
  <testcase classname="Package_TestngScripts.CreateCampaignMandatoryTest" name="campaignTestNG" time="0.0">
    <skipped/>
  </testcase> <!-- campaignTestNG -->
  <testcase classname="com.crm.genericUtility.BaseClass" name="@BeforeSuite connectDB" time="0.0">
    <ignored/>
  </testcase> <!-- @BeforeSuite connectDB -->
  <testcase classname="com.crm.genericUtility.BaseClass" name="@AfterSuite CloseDbconnection" time="0.0">
    <ignored/>
  </testcase> <!-- @AfterSuite CloseDbconnection -->
</testsuite> <!-- Test1 -->
