<?xml version="1.0" encoding="UTF-8"?>
<!-- Generated by org.testng.reporters.JUnitXMLReporter -->
<testsuite ignored="2" hostname="DESKTOP-ALD0Q5L" failures="0" tests="2" name="Test1" time="35.127" errors="0" timestamp="2023-08-08T16:14:51 IST">
  <testcase classname="Package_TestngScripts.CampaignTestNG" name="campaignTest" time="3.767"/>
  <testcase classname="Package_TestngScripts.CreateCampaignMandatoryTest" name="campaignTestNG" time="8.495"/>
  <testcase classname="com.crm.genericUtility.BaseClass" name="@AfterSuite CloseDbconnection" time="0.0">
    <ignored/>
  </testcase> <!-- @AfterSuite CloseDbconnection -->
  <testcase classname="com.crm.genericUtility.BaseClass" name="@BeforeSuite connectDB" time="0.0">
    <ignored/>
  </testcase> <!-- @BeforeSuite connectDB -->
</testsuite> <!-- Test1 -->
