<?xml version="1.0" encoding="UTF-8"?>
<testng-results ignored="0" total="0" passed="0" failed="0" skipped="0">
  <reporter-output>
    <line>
      <![CDATA[campaignTest Test Execution Starts]]>
    </line>
  </reporter-output>
  <suite started-at="2023-08-10T13:26:06 IST" name="Suite" finished-at="2023-08-10T13:26:06 IST" duration-ms="0">
    <groups>
      <group name="smoke">
        <method signature="CampaignTestNG.campaignTest()[pri:0, instance:Package_TestngScripts.CampaignTestNG@6ed3ccb2]" name="campaignTest" class="Package_TestngScripts.CampaignTestNG"/>
      </group> <!-- smoke -->
    </groups>
  </suite> <!-- Suite -->
</testng-results>
