<?xml version="1.0" encoding="UTF-8"?>
<testng-results ignored="0" total="1" passed="1" failed="0" skipped="0">
  <reporter-output>
  </reporter-output>
  <suite started-at="2023-10-19T09:19:05 IST" name="Default suite" finished-at="2023-10-19T09:19:28 IST" duration-ms="22920">
    <groups>
    </groups>
    <test started-at="2023-10-19T09:19:05 IST" name="Default test" finished-at="2023-10-19T09:19:28 IST" duration-ms="22920">
      <class name="Package_TestngScripts.MultipleWindowHandle">
        <test-method signature="multipleWindow()[pri:0, instance:Package_TestngScripts.MultipleWindowHandle@359df09a]" started-at="2023-10-19T09:19:05 IST" name="multipleWindow" finished-at="2023-10-19T09:19:27 IST" duration-ms="22811" status="PASS">
          <reporter-output>
          </reporter-output>
        </test-method> <!-- multipleWindow -->
      </class> <!-- Package_TestngScripts.MultipleWindowHandle -->
    </test> <!-- Default test -->
  </suite> <!-- Default suite -->
</testng-results>
